PATCore-00-00-16
GoodRunsLists-00-01-09
PileupReweighting-00-02-12
TrigRootAnalysis-00-01-05
TauCorrUncert-00-00-12
TauTriggerEmulation
MissingETUtility-01-02-02
JetUncertainties-00-08-06
#JetResolution-00-00-09
JetResolution-01-00-01
ApplyJetCalibration-00-03-03
ApplyJetResolutionSmearing-00-00-03
ElectronEfficiencyCorrection-00-00-17
MuonMomentumCorrections-00-06-08
MuonEfficiencyCorrections-02-01-11
TrigMuonEfficiency-00-02-37
egammaEvent-03-06-42
egammaAnalysisUtils-00-03-55
TauDiscriminant
MissingMassCalculator-00-00-15-03
ggFReweighting-00-00-10
HSG4TriggerSF-00-00-04
VBFFilterOLR-00-00-03
